2019/07/13 12:03:51 [error] [exception.ParseError] ParseError: syntax error, unexpected end of file in /var/www/yii1.loc/protected/views/site/widget.php:326
Stack trace:
#0 /var/www/yii1.loc/vendor/yiisoft/yii/framework/web/CBaseController.php(95): CBaseController->renderInternal('/var/www/yii1.l...', NULL, true)
#1 /var/www/yii1.loc/vendor/yiisoft/yii/framework/web/CController.php(872): CBaseController->renderFile('/var/www/yii1.l...', NULL, true)
#2 /var/www/yii1.loc/vendor/yiisoft/yii/framework/web/CController.php(785): CController->renderPartial('widget', NULL, true)
#3 /var/www/yii1.loc/protected/controllers/SiteController.php(113): CController->render('widget')
#4 /var/www/yii1.loc/vendor/yiisoft/yii/framework/web/actions/CInlineAction.php(49): SiteController->actionWidget()
#5 /var/www/yii1.loc/vendor/yiisoft/yii/framework/web/CController.php(308): CInlineAction->runWithParams(Array)
#6 /var/www/yii1.loc/vendor/yiisoft/yii/framework/web/CController.php(286): CController->runAction(Object(CInlineAction))
#7 /var/www/yii1.loc/vendor/yiisoft/yii/framework/web/CController.php(265): CController->runActionWithFilters(Object(CInlineAction), Array)
#8 /var/www/yii1.loc/vendor/yiisoft/yii/framework/web/CWebApplication.php(282): CController->run('widget')
#9 /var/www/yii1.loc/vendor/yiisoft/yii/framework/web/CWebApplication.php(141): CWebApplication->runController('site/widget')
#10 /var/www/yii1.loc/vendor/yiisoft/yii/framework/base/CApplication.php(185): CWebApplication->processRequest()
#11 /var/www/yii1.loc/index.php(16): CApplication->run()
#12 {main}
REQUEST_URI=/index.php?r=site/widget
---
2019/07/13 16:52:45 [error] [php] Undefined variable: tet (/var/www/yii1.loc/protected/views/site/widget.php:40)
Stack trace:
#0 /var/www/yii1.loc/vendor/yiisoft/yii/framework/web/CController.php(872): SiteController->renderFile()
#1 /var/www/yii1.loc/vendor/yiisoft/yii/framework/web/CController.php(785): SiteController->renderPartial()
#2 /var/www/yii1.loc/protected/controllers/SiteController.php(113): SiteController->render()
#3 /var/www/yii1.loc/vendor/yiisoft/yii/framework/web/actions/CInlineAction.php(49): SiteController->actionWidget()
#4 /var/www/yii1.loc/vendor/yiisoft/yii/framework/web/CController.php(308): CInlineAction->runWithParams()
#5 /var/www/yii1.loc/vendor/yiisoft/yii/framework/web/CController.php(286): SiteController->runAction()
#6 /var/www/yii1.loc/vendor/yiisoft/yii/framework/web/CController.php(265): SiteController->runActionWithFilters()
#7 /var/www/yii1.loc/vendor/yiisoft/yii/framework/web/CWebApplication.php(282): SiteController->run()
#8 /var/www/yii1.loc/vendor/yiisoft/yii/framework/web/CWebApplication.php(141): CWebApplication->runController()
#9 /var/www/yii1.loc/vendor/yiisoft/yii/framework/base/CApplication.php(185): CWebApplication->processRequest()
#10 /var/www/yii1.loc/index.php(16): CWebApplication->run()
REQUEST_URI=/index.php?r=site/widget
in /var/www/yii1.loc/protected/views/site/widget.php (40)
in /var/www/yii1.loc/protected/controllers/SiteController.php (113)
in /var/www/yii1.loc/index.php (16)
2019/07/13 17:13:20 [error] [exception.CException] CException: SiteController cannot find the requested view "site/widget". in /var/www/yii1.loc/vendor/yiisoft/yii/framework/web/CController.php:881
Stack trace:
#0 /var/www/yii1.loc/vendor/yiisoft/yii/framework/web/CController.php(785): CController->renderPartial('site/widget', NULL, true)
#1 /var/www/yii1.loc/protected/controllers/SiteController.php(114): CController->render('site/widget')
#2 /var/www/yii1.loc/vendor/yiisoft/yii/framework/web/actions/CInlineAction.php(49): SiteController->actionWidget()
#3 /var/www/yii1.loc/vendor/yiisoft/yii/framework/web/CController.php(308): CInlineAction->runWithParams(Array)
#4 /var/www/yii1.loc/vendor/yiisoft/yii/framework/web/CController.php(286): CController->runAction(Object(CInlineAction))
#5 /var/www/yii1.loc/vendor/yiisoft/yii/framework/web/CController.php(265): CController->runActionWithFilters(Object(CInlineAction), Array)
#6 /var/www/yii1.loc/vendor/yiisoft/yii/framework/web/CWebApplication.php(282): CController->run('widget')
#7 /var/www/yii1.loc/vendor/yiisoft/yii/framework/web/CWebApplication.php(141): CWebApplication->runController('site/widget')
#8 /var/www/yii1.loc/vendor/yiisoft/yii/framework/base/CApplication.php(185): CWebApplication->processRequest()
#9 /var/www/yii1.loc/index.php(16): CApplication->run()
#10 {main}
REQUEST_URI=/index.php?r=site/widget
HTTP_REFERER=http://yii1.loc/widget
---
2019/07/13 17:15:39 [error] [exception.CHttpException.404] CHttpException: Unable to resolve the request "widget". in /var/www/yii1.loc/vendor/yiisoft/yii/framework/web/CWebApplication.php:286
Stack trace:
#0 /var/www/yii1.loc/vendor/yiisoft/yii/framework/web/CWebApplication.php(141): CWebApplication->runController('widget')
#1 /var/www/yii1.loc/vendor/yiisoft/yii/framework/base/CApplication.php(185): CWebApplication->processRequest()
#2 /var/www/yii1.loc/index.php(16): CApplication->run()
#3 {main}
REQUEST_URI=/index.php?r=widget
HTTP_REFERER=http://yii1.loc/index.php?r=site/login
---
2019/07/13 17:15:48 [error] [exception.CHttpException.404] CHttpException: Unable to resolve the request "widget". in /var/www/yii1.loc/vendor/yiisoft/yii/framework/web/CWebApplication.php:286
Stack trace:
#0 /var/www/yii1.loc/vendor/yiisoft/yii/framework/web/CWebApplication.php(141): CWebApplication->runController('widget')
#1 /var/www/yii1.loc/vendor/yiisoft/yii/framework/base/CApplication.php(185): CWebApplication->processRequest()
#2 /var/www/yii1.loc/index.php(16): CApplication->run()
#3 {main}
REQUEST_URI=/index.php?r=widget
HTTP_REFERER=http://yii1.loc/index.php?r=site/login
---
2019/07/13 17:15:48 [error] [exception.CHttpException.404] CHttpException: Unable to resolve the request "widget". in /var/www/yii1.loc/vendor/yiisoft/yii/framework/web/CWebApplication.php:286
Stack trace:
#0 /var/www/yii1.loc/vendor/yiisoft/yii/framework/web/CWebApplication.php(141): CWebApplication->runController('widget')
#1 /var/www/yii1.loc/vendor/yiisoft/yii/framework/base/CApplication.php(185): CWebApplication->processRequest()
#2 /var/www/yii1.loc/index.php(16): CApplication->run()
#3 {main}
REQUEST_URI=/index.php?r=widget
HTTP_REFERER=http://yii1.loc/index.php?r=site/login
---
2019/07/13 17:16:01 [error] [exception.CHttpException.404] CHttpException: Unable to resolve the request "widget". in /var/www/yii1.loc/vendor/yiisoft/yii/framework/web/CWebApplication.php:286
Stack trace:
#0 /var/www/yii1.loc/vendor/yiisoft/yii/framework/web/CWebApplication.php(141): CWebApplication->runController('widget')
#1 /var/www/yii1.loc/vendor/yiisoft/yii/framework/base/CApplication.php(185): CWebApplication->processRequest()
#2 /var/www/yii1.loc/index.php(16): CApplication->run()
#3 {main}
REQUEST_URI=/index.php?r=widget
---
2019/07/13 17:16:05 [error] [exception.CHttpException.404] CHttpException: Unable to resolve the request "widget". in /var/www/yii1.loc/vendor/yiisoft/yii/framework/web/CWebApplication.php:286
Stack trace:
#0 /var/www/yii1.loc/vendor/yiisoft/yii/framework/web/CWebApplication.php(141): CWebApplication->runController('widget')
#1 /var/www/yii1.loc/vendor/yiisoft/yii/framework/base/CApplication.php(185): CWebApplication->processRequest()
#2 /var/www/yii1.loc/index.php(16): CApplication->run()
#3 {main}
REQUEST_URI=/index.php?r=widget
---
2019/07/14 12:21:33 [error] [php] Undefined variable: guest (/var/www/yii1.loc/protected/views/site/widget.php:39)
Stack trace:
#0 /var/www/yii1.loc/vendor/yiisoft/yii/framework/web/CController.php(872): SiteController->renderFile()
#1 /var/www/yii1.loc/vendor/yiisoft/yii/framework/web/CController.php(785): SiteController->renderPartial()
#2 /var/www/yii1.loc/protected/controllers/SiteController.php(114): SiteController->render()
#3 /var/www/yii1.loc/vendor/yiisoft/yii/framework/web/actions/CInlineAction.php(49): SiteController->actionWidget()
#4 /var/www/yii1.loc/vendor/yiisoft/yii/framework/web/CController.php(308): CInlineAction->runWithParams()
#5 /var/www/yii1.loc/vendor/yiisoft/yii/framework/web/CController.php(286): SiteController->runAction()
#6 /var/www/yii1.loc/vendor/yiisoft/yii/framework/web/CController.php(265): SiteController->runActionWithFilters()
#7 /var/www/yii1.loc/vendor/yiisoft/yii/framework/web/CWebApplication.php(282): SiteController->run()
#8 /var/www/yii1.loc/vendor/yiisoft/yii/framework/web/CWebApplication.php(141): CWebApplication->runController()
#9 /var/www/yii1.loc/vendor/yiisoft/yii/framework/base/CApplication.php(185): CWebApplication->processRequest()
#10 /var/www/yii1.loc/index.php(16): CWebApplication->run()
REQUEST_URI=/index.php?r=site/widget
in /var/www/yii1.loc/protected/views/site/widget.php (39)
in /var/www/yii1.loc/protected/controllers/SiteController.php (114)
in /var/www/yii1.loc/index.php (16)
2019/07/14 12:21:44 [error] [php] Undefined variable: guest (/var/www/yii1.loc/protected/views/site/widget.php:56)
Stack trace:
#0 /var/www/yii1.loc/vendor/yiisoft/yii/framework/web/CController.php(872): SiteController->renderFile()
#1 /var/www/yii1.loc/vendor/yiisoft/yii/framework/web/CController.php(785): SiteController->renderPartial()
#2 /var/www/yii1.loc/protected/controllers/SiteController.php(114): SiteController->render()
#3 /var/www/yii1.loc/vendor/yiisoft/yii/framework/web/actions/CInlineAction.php(49): SiteController->actionWidget()
#4 /var/www/yii1.loc/vendor/yiisoft/yii/framework/web/CController.php(308): CInlineAction->runWithParams()
#5 /var/www/yii1.loc/vendor/yiisoft/yii/framework/web/CController.php(286): SiteController->runAction()
#6 /var/www/yii1.loc/vendor/yiisoft/yii/framework/web/CController.php(265): SiteController->runActionWithFilters()
#7 /var/www/yii1.loc/vendor/yiisoft/yii/framework/web/CWebApplication.php(282): SiteController->run()
#8 /var/www/yii1.loc/vendor/yiisoft/yii/framework/web/CWebApplication.php(141): CWebApplication->runController()
#9 /var/www/yii1.loc/vendor/yiisoft/yii/framework/base/CApplication.php(185): CWebApplication->processRequest()
#10 /var/www/yii1.loc/index.php(16): CWebApplication->run()
REQUEST_URI=/index.php?r=site/widget
in /var/www/yii1.loc/protected/views/site/widget.php (56)
in /var/www/yii1.loc/protected/controllers/SiteController.php (114)
in /var/www/yii1.loc/index.php (16)
2019/07/14 12:21:45 [error] [php] Undefined variable: guest (/var/www/yii1.loc/protected/views/site/widget.php:56)
Stack trace:
#0 /var/www/yii1.loc/vendor/yiisoft/yii/framework/web/CController.php(872): SiteController->renderFile()
#1 /var/www/yii1.loc/vendor/yiisoft/yii/framework/web/CController.php(785): SiteController->renderPartial()
#2 /var/www/yii1.loc/protected/controllers/SiteController.php(114): SiteController->render()
#3 /var/www/yii1.loc/vendor/yiisoft/yii/framework/web/actions/CInlineAction.php(49): SiteController->actionWidget()
#4 /var/www/yii1.loc/vendor/yiisoft/yii/framework/web/CController.php(308): CInlineAction->runWithParams()
#5 /var/www/yii1.loc/vendor/yiisoft/yii/framework/web/CController.php(286): SiteController->runAction()
#6 /var/www/yii1.loc/vendor/yiisoft/yii/framework/web/CController.php(265): SiteController->runActionWithFilters()
#7 /var/www/yii1.loc/vendor/yiisoft/yii/framework/web/CWebApplication.php(282): SiteController->run()
#8 /var/www/yii1.loc/vendor/yiisoft/yii/framework/web/CWebApplication.php(141): CWebApplication->runController()
#9 /var/www/yii1.loc/vendor/yiisoft/yii/framework/base/CApplication.php(185): CWebApplication->processRequest()
#10 /var/www/yii1.loc/index.php(16): CWebApplication->run()
REQUEST_URI=/index.php?r=site/widget
in /var/www/yii1.loc/protected/views/site/widget.php (56)
in /var/www/yii1.loc/protected/controllers/SiteController.php (114)
in /var/www/yii1.loc/index.php (16)
